<?xml version="1.0" encoding="UTF-8" ?>
<testsuite errors="1" failures="0" hostname="DESKTOP-A3HF2T1" name="tests.HighscoreInput_Test" skipped="0" tests="1" time="0.088" timestamp="2019-12-19T00:21:52">
  <properties>
[...]
</properties>
  <testcase classname="tests.HighscoreInput_Test" name="initializationError" time="0.005">
    <error message="Ljavafx/embed/swing/JFXPanel;" type="java.lang.NoClassDefFoundError">java.lang.NoClassDefFoundError: Ljavafx/embed/swing/JFXPanel;
	at java.base/java.lang.Class.getDeclaredFields0(Native Method)
	at java.base/java.lang.Class.privateGetDeclaredFields(Class.java:3062)
	at java.base/java.lang.Class.getDeclaredFields(Class.java:2249)
	at java.base/jdk.internal.reflect.NativeConstructorAccessorImpl.newInstance0(Native Method)
	at java.base/jdk.internal.reflect.NativeConstructorAccessorImpl.newInstance(NativeConstructorAccessorImpl.java:62)
	at java.base/jdk.internal.reflect.DelegatingConstructorAccessorImpl.newInstance(DelegatingConstructorAccessorImpl.java:45)
	at java.base/java.lang.reflect.Constructor.newInstanceWithCaller(Constructor.java:500)
	at java.base/java.lang.reflect.Constructor.newInstance(Constructor.java:481)
Caused by: java.lang.ClassNotFoundException: javafx.embed.swing.JFXPanel
	at java.base/jdk.internal.loader.BuiltinClassLoader.loadClass(BuiltinClassLoader.java:602)
	at java.base/jdk.internal.loader.ClassLoaders$AppClassLoader.loadClass(ClassLoaders.java:178)
	at java.base/java.lang.ClassLoader.loadClass(ClassLoader.java:521)
</error>
  </testcase>
  <system-out><![CDATA[]]></system-out>
  <system-err><![CDATA[]]></system-err>
</testsuite>
